\BOOKMARK [0][-]{chapter*.1}{Acknowledgements}{}
\BOOKMARK [0][-]{chapter*.2}{Abstract}{}
\BOOKMARK [0][-]{chapter.1}{Introduction}{}
\BOOKMARK [1][-]{section.1.1}{Motivations}{chapter.1}
\BOOKMARK [1][-]{section.1.2}{Related Work}{chapter.1}
\BOOKMARK [2][-]{subsection.1.2.1}{Handcrafted features}{section.1.2}
\BOOKMARK [2][-]{subsection.1.2.2}{Learned features}{section.1.2}
\BOOKMARK [1][-]{section.1.3}{Objectives and Contributions}{chapter.1}
\BOOKMARK [0][-]{chapter.2}{Preliminaries}{}
\BOOKMARK [1][-]{section.2.1}{Neural Networks}{chapter.2}
\BOOKMARK [2][-]{subsection.2.1.1}{Network functions}{section.2.1}
\BOOKMARK [2][-]{subsection.2.1.2}{Network training}{section.2.1}
\BOOKMARK [1][-]{section.2.2}{Convolutional Neural Networks}{chapter.2}
\BOOKMARK [2][-]{subsection.2.2.1}{Architectural properties}{section.2.2}
\BOOKMARK [3][-]{subsubsection.2.2.1.1}{Local receptive fields}{subsection.2.2.1}
\BOOKMARK [3][-]{subsubsection.2.2.1.2}{Shared weights}{subsection.2.2.1}
\BOOKMARK [3][-]{subsubsection.2.2.1.3}{Pooling and sub-sampling}{subsection.2.2.1}
\BOOKMARK [3][-]{subsubsection.2.2.1.4}{Network architecture}{subsection.2.2.1}
\BOOKMARK [2][-]{subsection.2.2.2}{Network functions}{section.2.2}
\BOOKMARK [2][-]{subsection.2.2.3}{Network training}{section.2.2}
\BOOKMARK [1][-]{section.2.3}{Auto-encoders}{chapter.2}
\BOOKMARK [2][-]{subsection.2.3.1}{Network architecture}{section.2.3}
\BOOKMARK [2][-]{subsection.2.3.2}{Network training}{section.2.3}
\BOOKMARK [2][-]{subsection.2.3.3}{Denoising Auto-encoders}{section.2.3}
\BOOKMARK [1][-]{section.2.4}{Convolutional Auto-encoders}{chapter.2}
\BOOKMARK [2][-]{subsection.2.4.1}{Network functions}{section.2.4}
\BOOKMARK [2][-]{subsection.2.4.2}{Network training}{section.2.4}
\BOOKMARK [1][-]{section.2.5}{Principal Component Analysis}{chapter.2}
\BOOKMARK [2][-]{subsection.2.5.1}{Maximum variance}{section.2.5}
\BOOKMARK [2][-]{subsection.2.5.2}{Dimensionality reduction}{section.2.5}
\BOOKMARK [2][-]{subsection.2.5.3}{PCA approximation}{section.2.5}
\BOOKMARK [2][-]{subsection.2.5.4}{Whitening}{section.2.5}
\BOOKMARK [1][-]{section.2.6}{Markov Random Fields}{chapter.2}
\BOOKMARK [2][-]{subsection.2.6.1}{Probabilistic graphical models}{section.2.6}
\BOOKMARK [2][-]{subsection.2.6.2}{Markov random fields}{section.2.6}
\BOOKMARK [2][-]{subsection.2.6.3}{Energy function}{section.2.6}
\BOOKMARK [2][-]{subsection.2.6.4}{Image denoising}{section.2.6}
\BOOKMARK [1][-]{section.2.7}{Image Segmentation}{chapter.2}
\BOOKMARK [2][-]{subsection.2.7.1}{Graph-based segmentation}{section.2.7}
\BOOKMARK [2][-]{subsection.2.7.2}{Simple linear iterative clustering}{section.2.7}
\BOOKMARK [1][-]{section.2.8}{3D Reconstruction}{chapter.2}
\BOOKMARK [0][-]{chapter.3}{Methods}{}
\BOOKMARK [1][-]{section.3.1}{Overview}{chapter.3}
\BOOKMARK [1][-]{section.3.2}{Data}{chapter.3}
\BOOKMARK [2][-]{subsection.3.2.1}{Data Source}{section.3.2}
\BOOKMARK [2][-]{subsection.3.2.2}{Label generation}{section.3.2}
\BOOKMARK [2][-]{subsection.3.2.3}{Manual labels}{section.3.2}
\BOOKMARK [1][-]{section.3.3}{Image Classification}{chapter.3}
\BOOKMARK [1][-]{section.3.4}{Pre-training}{chapter.3}
\BOOKMARK [2][-]{subsection.3.4.1}{Whitening}{section.3.4}
\BOOKMARK [2][-]{subsection.3.4.2}{Unsupervised Feature Learning}{section.3.4}
\BOOKMARK [1][-]{section.3.5}{Prediction}{chapter.3}
\BOOKMARK [2][-]{subsection.3.5.1}{Super-pixel labeling}{section.3.5}
\BOOKMARK [2][-]{subsection.3.5.2}{Super-pixel denoising}{section.3.5}
\BOOKMARK [1][-]{section.3.6}{Implementation}{chapter.3}
\BOOKMARK [2][-]{subsection.3.6.1}{Label generation}{section.3.6}
\BOOKMARK [2][-]{subsection.3.6.2}{Classification}{section.3.6}
\BOOKMARK [2][-]{subsection.3.6.3}{Convolutional auto-encoders library}{section.3.6}
\BOOKMARK [2][-]{subsection.3.6.4}{Prediction}{section.3.6}
\BOOKMARK [0][-]{chapter.4}{Results}{}
\BOOKMARK [1][-]{section.4.1}{Data Set Attributes}{chapter.4}
\BOOKMARK [1][-]{section.4.2}{Convolutional Neural Networks}{chapter.4}
\BOOKMARK [2][-]{subsection.4.2.1}{Training and test set}{section.4.2}
\BOOKMARK [2][-]{subsection.4.2.2}{Outcome}{section.4.2}
\BOOKMARK [1][-]{section.4.3}{ZCA Whitening}{chapter.4}
\BOOKMARK [2][-]{subsection.4.3.1}{Pre-training data set}{section.4.3}
\BOOKMARK [2][-]{subsection.4.3.2}{Outcome}{section.4.3}
\BOOKMARK [1][-]{section.4.4}{Convolutional Auto-encoders}{chapter.4}
\BOOKMARK [2][-]{subsection.4.4.1}{Unsupervised feature learning}{section.4.4}
\BOOKMARK [2][-]{subsection.4.4.2}{Outcome}{section.4.4}
\BOOKMARK [1][-]{section.4.5}{Super-pixel Labeling}{chapter.4}
\BOOKMARK [1][-]{section.4.6}{Super-pixel Denoising}{chapter.4}
\BOOKMARK [1][-]{section.4.7}{Manual Labels}{chapter.4}
\BOOKMARK [2][-]{subsection.4.7.1}{Manual training and test sets}{section.4.7}
\BOOKMARK [2][-]{subsection.4.7.2}{Outcome}{section.4.7}
\BOOKMARK [0][-]{chapter.5}{Discussion}{}
\BOOKMARK [1][-]{section.5.1}{Best Practice}{chapter.5}
\BOOKMARK [1][-]{section.5.2}{Convolutional Auto-encoders vs. Principal Component Analysis}{chapter.5}
\BOOKMARK [1][-]{section.5.3}{Super-pixel Denoising}{chapter.5}
\BOOKMARK [1][-]{section.5.4}{Limitations and Future Work}{chapter.5}
\BOOKMARK [0][-]{chapter.6}{Conclusion}{}
\BOOKMARK [0][-]{chapter*.4}{Bibliography}{}
