This is pdfTeX, Version 3.1415926-1.40.10 (TeX Live 2009/Debian) (format=pdflatex 2015.5.8)  7 JUN 2015 16:45
entering extended mode
 %&-line parsing enabled.
**thesis.tex
(./thesis.tex
LaTeX2e <2009/09/24>
Babel <v3.8l> and hyphenation patterns for english, usenglishmax, dumylang, noh
yphenation, loaded.
(/usr/share/texmf-texlive/tex/latex/base/book.cls
Document Class: book 2007/10/19 v1.4h Standard LaTeX document class
(/usr/share/texmf-texlive/tex/latex/base/bk11.clo
File: bk11.clo 2007/10/19 v1.4h Standard LaTeX file (size option)
)
\c@part=\count79
\c@chapter=\count80
\c@section=\count81
\c@subsection=\count82
\c@subsubsection=\count83
\c@paragraph=\count84
\c@subparagraph=\count85
\c@figure=\count86
\c@table=\count87
\abovecaptionskip=\skip41
\belowcaptionskip=\skip42
\bibindent=\dimen102
)
(/home/dontloo/texmf/tex/generic/anuthesis/anuthesis.sty
Package: anuthesis 2005/04/04 v0.2 ANU Thesis Style (SB/RW)

(/usr/share/texmf-texlive/tex/latex/base/ifthen.sty
Package: ifthen 2001/05/26 v1.1c Standard LaTeX ifthen package (DPC)
)
(/usr/share/texmf-texlive/tex/latex/base/latexsym.sty
Package: latexsym 1998/08/17 v2.2e Standard LaTeX package (lasy symbols)
\symlasy=\mathgroup4
LaTeX Font Info:    Overwriting symbol font `lasy' in version `bold'
(Font)                  U/lasy/m/n --> U/lasy/b/n on input line 47.
)
\tqfootlen=\skip43

(/usr/share/texmf-texlive/tex/latex/setspace/setspace.sty
Package: setspace 2000/12/01 6.7 Contributed and Supported LaTeX2e package

Package: `setspace' 6.7 <2000/12/01>
)) (/usr/share/texmf-texlive/tex/latex/graphics/graphicx.sty
Package: graphicx 1999/02/16 v1.0f Enhanced LaTeX Graphics (DPC,SPQR)

(/usr/share/texmf-texlive/tex/latex/graphics/keyval.sty
Package: keyval 1999/03/16 v1.13 key=value parser (DPC)
\KV@toks@=\toks14
)
(/usr/share/texmf-texlive/tex/latex/graphics/graphics.sty
Package: graphics 2009/02/05 v1.0o Standard LaTeX Graphics (DPC,SPQR)

(/usr/share/texmf-texlive/tex/latex/graphics/trig.sty
Package: trig 1999/03/16 v1.09 sin cos tan (DPC)
)
(/etc/texmf/tex/latex/config/graphics.cfg
File: graphics.cfg 2009/08/28 v1.8 graphics configuration of TeX Live
)
Package graphics Info: Driver file: pdftex.def on input line 91.

(/usr/share/texmf-texlive/tex/latex/pdftex-def/pdftex.def
File: pdftex.def 2010/03/12 v0.04p Graphics/color for pdfTeX
\Gread@gobject=\count88
))
\Gin@req@height=\dimen103
\Gin@req@width=\dimen104
) (./thesis.sty
(/usr/share/texmf-texlive/tex/latex/tools/xspace.sty
Package: xspace 2006/05/08 v1.12 Space after command names (DPC,MH)
))
(/usr/share/texmf-texlive/tex/latex/base/makeidx.sty
Package: makeidx 2000/03/29 v1.0m Standard LaTeX package
)
(/home/dontloo/texmf/tex/generic/misc/acmnew-xref.sty
Using author/year ACM bibliography style
\bibindent=\dimen105
) (/usr/share/texmf-texlive/tex/latex/amsmath/amsmath.sty
Package: amsmath 2000/07/18 v2.13 AMS math features
\@mathmargin=\skip44

For additional information on amsmath, use the `?' option.
(/usr/share/texmf-texlive/tex/latex/amsmath/amstext.sty
Package: amstext 2000/06/29 v2.01

(/usr/share/texmf-texlive/tex/latex/amsmath/amsgen.sty
File: amsgen.sty 1999/11/30 v2.0
\@emptytoks=\toks15
\ex@=\dimen106
))
(/usr/share/texmf-texlive/tex/latex/amsmath/amsbsy.sty
Package: amsbsy 1999/11/29 v1.2d
\pmbraise@=\dimen107
)
(/usr/share/texmf-texlive/tex/latex/amsmath/amsopn.sty
Package: amsopn 1999/12/14 v2.01 operator names
)
\inf@bad=\count89
LaTeX Info: Redefining \frac on input line 211.
\uproot@=\count90
\leftroot@=\count91
LaTeX Info: Redefining \overline on input line 307.
\classnum@=\count92
\DOTSCASE@=\count93
LaTeX Info: Redefining \ldots on input line 379.
LaTeX Info: Redefining \dots on input line 382.
LaTeX Info: Redefining \cdots on input line 467.
\Mathstrutbox@=\box26
\strutbox@=\box27
\big@size=\dimen108
LaTeX Font Info:    Redeclaring font encoding OML on input line 567.
LaTeX Font Info:    Redeclaring font encoding OMS on input line 568.
\macc@depth=\count94
\c@MaxMatrixCols=\count95
\dotsspace@=\muskip10
\c@parentequation=\count96
\dspbrk@lvl=\count97
\tag@help=\toks16
\row@=\count98
\column@=\count99
\maxfields@=\count100
\andhelp@=\toks17
\eqnshift@=\dimen109
\alignsep@=\dimen110
\tagshift@=\dimen111
\tagwidth@=\dimen112
\totwidth@=\dimen113
\lineht@=\dimen114
\@envbody=\toks18
\multlinegap=\skip45
\multlinetaggap=\skip46
\mathdisplay@stack=\toks19
LaTeX Info: Redefining \[ on input line 2666.
LaTeX Info: Redefining \] on input line 2667.
)
(/usr/share/texmf-texlive/tex/latex/hyperref/hyperref.sty
Package: hyperref 2009/10/09 v6.79a Hypertext links for LaTeX

(/usr/share/texmf-texlive/tex/generic/oberdiek/ifpdf.sty
Package: ifpdf 2009/04/10 v2.0 Provides the ifpdf switch (HO)
Package ifpdf Info: pdfTeX in pdf mode detected.
)
(/usr/share/texmf-texlive/tex/generic/oberdiek/ifvtex.sty
Package: ifvtex 2008/11/04 v1.4 Switches for detecting VTeX and its modes (HO)
Package ifvtex Info: VTeX not detected.
)
(/usr/share/texmf-texlive/tex/generic/ifxetex/ifxetex.sty
Package: ifxetex 2009/01/23 v0.5 Provides ifxetex conditional
)
(/usr/share/texmf-texlive/tex/latex/oberdiek/hycolor.sty
Package: hycolor 2009/10/02 v1.5 Code for color options of hyperref/bookmark (H
O)

(/usr/share/texmf-texlive/tex/latex/oberdiek/xcolor-patch.sty
Package: xcolor-patch 2009/10/02 xcolor patch
))
\@linkdim=\dimen115
\Hy@linkcounter=\count101
\Hy@pagecounter=\count102

(/usr/share/texmf-texlive/tex/latex/hyperref/pd1enc.def
File: pd1enc.def 2009/10/09 v6.79a Hyperref: PDFDocEncoding definition (HO)
)
(/usr/share/texmf-texlive/tex/generic/oberdiek/etexcmds.sty
Package: etexcmds 2007/12/12 v1.2 Prefix for e-TeX command names (HO)

(/usr/share/texmf-texlive/tex/generic/oberdiek/infwarerr.sty
Package: infwarerr 2007/09/09 v1.2 Providing info/warning/message (HO)
)
Package etexcmds Info: Could not find \expanded.
(etexcmds)             That can mean that you are not using pdfTeX 1.50 or
(etexcmds)             that some package has redefined \expanded.
(etexcmds)             In the latter case, load this package earlier.
)
(/usr/share/texmf-texlive/tex/latex/latexconfig/hyperref.cfg
File: hyperref.cfg 2002/06/06 v1.2 hyperref configuration of TeXLive
)
(/usr/share/texmf-texlive/tex/latex/oberdiek/kvoptions.sty
Package: kvoptions 2009/08/13 v3.4 Keyval support for LaTeX options (HO)

(/usr/share/texmf-texlive/tex/generic/oberdiek/kvsetkeys.sty
Package: kvsetkeys 2009/07/30 v1.5 Key value parser with default handler suppor
t (HO)
))
Package hyperref Info: Hyper figures OFF on input line 2975.
Package hyperref Info: Link nesting OFF on input line 2980.
Package hyperref Info: Hyper index ON on input line 2983.
Package hyperref Info: Plain pages OFF on input line 2990.
Package hyperref Info: Backreferencing OFF on input line 2995.

Implicit mode ON; LaTeX internals redefined
Package hyperref Info: Bookmarks ON on input line 3191.
(/usr/share/texmf-texlive/tex/latex/ltxmisc/url.sty
\Urlmuskip=\muskip11
Package: url 2006/04/12  ver 3.3  Verb mode for urls, etc.
)
LaTeX Info: Redefining \url on input line 3428.

(/usr/share/texmf-texlive/tex/generic/oberdiek/bitset.sty
Package: bitset 2007/09/28 v1.0 Data type bit set (HO)

(/usr/share/texmf-texlive/tex/generic/oberdiek/intcalc.sty
Package: intcalc 2007/09/27 v1.1 Expandable integer calculations (HO)
)
(/usr/share/texmf-texlive/tex/generic/oberdiek/bigintcalc.sty
Package: bigintcalc 2007/11/11 v1.1 Expandable big integer calculations (HO)

(/usr/share/texmf-texlive/tex/generic/oberdiek/pdftexcmds.sty
Package: pdftexcmds 2009/09/23 v0.6 LuaTeX support for pdfTeX utility functions
 (HO)

(/usr/share/texmf-texlive/tex/generic/oberdiek/ifluatex.sty
Package: ifluatex 2009/04/17 v1.2 Provides the ifluatex switch (HO)
Package ifluatex Info: LuaTeX not detected.
)
(/usr/share/texmf-texlive/tex/generic/oberdiek/ltxcmds.sty
Package: ltxcmds 2009/08/05 v1.0 Some LaTeX kernel commands for general use (HO
)
)
Package pdftexcmds Info: LuaTeX not detected.
Package pdftexcmds Info: \pdf@primitive is available.
Package pdftexcmds Info: \pdf@ifprimitive is available.
)))
\Fld@menulength=\count103
\Field@Width=\dimen116
\Fld@charsize=\dimen117
\Field@toks=\toks20
Package hyperref Info: Hyper figures OFF on input line 4377.
Package hyperref Info: Link nesting OFF on input line 4382.
Package hyperref Info: Hyper index ON on input line 4385.
Package hyperref Info: backreferencing OFF on input line 4392.
Package hyperref Info: Link coloring OFF on input line 4397.
Package hyperref Info: Link coloring with OCG OFF on input line 4402.
Package hyperref Info: PDF/A mode OFF on input line 4407.

(/usr/share/texmf-texlive/tex/generic/oberdiek/atbegshi.sty
Package: atbegshi 2008/07/31 v1.9 At begin shipout hook (HO)
)
\Hy@abspage=\count104
\c@Item=\count105
\c@Hfootnote=\count106
)
*hyperref using default driver hpdftex*
(/usr/share/texmf-texlive/tex/latex/hyperref/hpdftex.def
File: hpdftex.def 2009/10/09 v6.79a Hyperref driver for pdfTeX
\Fld@listcount=\count107
)
\@indexfile=\write3
\openout3 = `thesis.idx'.


Writing index file thesis.idx
(./thesis.aux

LaTeX Warning: Label `genfig' multiply defined.

)
\openout1 = `thesis.aux'.

LaTeX Font Info:    Checking defaults for OML/cmm/m/it on input line 24.
LaTeX Font Info:    ... okay on input line 24.
LaTeX Font Info:    Checking defaults for T1/cmr/m/n on input line 24.
LaTeX Font Info:    ... okay on input line 24.
LaTeX Font Info:    Checking defaults for OT1/cmr/m/n on input line 24.
LaTeX Font Info:    ... okay on input line 24.
LaTeX Font Info:    Checking defaults for OMS/cmsy/m/n on input line 24.
LaTeX Font Info:    ... okay on input line 24.
LaTeX Font Info:    Checking defaults for OMX/cmex/m/n on input line 24.
LaTeX Font Info:    ... okay on input line 24.
LaTeX Font Info:    Checking defaults for U/cmr/m/n on input line 24.
LaTeX Font Info:    ... okay on input line 24.
LaTeX Font Info:    Checking defaults for PD1/pdf/m/n on input line 24.
LaTeX Font Info:    ... okay on input line 24.
 (/usr/share/texmf-texlive/tex/context/base/supp-pdf.mkii
[Loading MPS to PDF converter (version 2006.09.02).]
\scratchcounter=\count108
\scratchdimen=\dimen118
\scratchbox=\box28
\nofMPsegments=\count109
\nofMParguments=\count110
\everyMPshowfont=\toks21
\MPscratchCnt=\count111
\MPscratchDim=\dimen119
\MPnumerator=\count112
\everyMPtoPDFconversion=\toks22
)
Package hyperref Info: Link coloring OFF on input line 24.
 (/usr/share/texmf-texlive/tex/latex/hyperref/nameref.sty
Package: nameref 2007/05/29 v2.31 Cross-referencing by name of section

(/usr/share/texmf-texlive/tex/latex/oberdiek/refcount.sty
Package: refcount 2008/08/11 v3.1 Data extraction from references (HO)
)
\c@section@level=\count113
)
LaTeX Info: Redefining \ref on input line 24.
LaTeX Info: Redefining \pageref on input line 24.
 (./thesis.out)
(./thesis.out)
\@outlinefile=\write4
\openout4 = `thesis.out'.

\AtBeginShipoutBox=\box29
 (./titlepage.tex [1


{/var/lib/texmf/fonts/map/pdftex/updmap/pdftex.map}]) (./frontmatter.tex
LaTeX Font Info:    Try loading font information for OMS+cmr on input line 8.
 (/usr/share/texmf-texlive/tex/latex/base/omscmr.fd
File: omscmr.fd 1999/05/25 v2.5h Standard LaTeX font definitions
)
LaTeX Font Info:    Font shape `OMS/cmr/m/n' in size <10.95> not available
(Font)              Font shape `OMS/cmsy/m/n' tried instead on input line 8.
[2]) [3] [4

] (./ack.tex) [5

] [6

] (./abstract.tex
Underfull \hbox (badness 10000) in paragraph at lines 9--11

 []

) [7

] [8

] (./thesis.toc
LaTeX Font Info:    Try loading font information for U+lasy on input line 4.
 (/usr/share/texmf-texlive/tex/latex/base/ulasy.fd
File: ulasy.fd 1998/08/17 v2.2e LaTeX symbol font definitions
)
[9

] [10])
\tf@toc=\write5
\openout5 = `thesis.toc'.

 [11] [12

] (./intro.tex
Chapter 1.
[1

]) (./chap1.tex [2]
Chapter 2.
[3

] <pics/nn.png, id=499, 593.21625pt x 507.8975pt>
File: pics/nn.png Graphic file (type png)
 <use pics/nn.png> [4 <./pics/nn.png (PNG copy)>] [5] <pics/cnn.png, id=529, 12
30.5975pt x 386.44376pt>
File: pics/cnn.png Graphic file (type png)

<use pics/cnn.png>
Underfull \vbox (badness 4505) has occurred while \output is active []

 [6 <./pics/cnn.png (PNG copy)>] [7] <pics/ae.png, id=548, 1203.49625pt x 579.1
6376pt>
File: pics/ae.png Graphic file (type png)

<use pics/ae.png> [8 <./pics/ae.png (PNG copy)>] [9]
Underfull \vbox (badness 10000) has occurred while \output is active []

 [10]
[11] <pics/pca.png, id=600, 617.30624pt x 622.325pt>
File: pics/pca.png Graphic file (type png)
 <use pics/pca.png>
[12 <./pics/pca.png (PNG copy)>] [13]
<pics/mrf.png, id=618, 413.545pt x 410.53375pt>
File: pics/mrf.png Graphic file (type png)
 <use pics/mrf.png>

LaTeX Warning: `!h' float specifier changed to `!ht'.

[14] [15 <./pics/mrf.png (PNG copy)>]
<pics/super1.jpg, id=640, 349.305pt x 128.48pt>
File: pics/super1.jpg Graphic file (type jpg)
 <use pics/super1.jpg>
<pics/super2.jpg, id=641, 349.305pt x 128.48pt>
File: pics/super2.jpg Graphic file (type jpg)
 <use pics/super2.jpg> [16 <./pics/super1.jpg> <./pics/super2.jpg>] [17]
<pics/3d1.png, id=665, 630.355pt x 234.8775pt>
File: pics/3d1.png Graphic file (type png)
 <use pics/3d1.png>
<pics/3d2.png, id=666, 720.6925pt x 233.87375pt>
File: pics/3d2.png Graphic file (type png)
 <use pics/3d2.png>)
(./chap2.tex [18 <./pics/3d1.png (PNG copy)> <./pics/3d2.png (PNG copy)>]
Chapter 3.
<pics/patch.png, id=673, 1656.1875pt x 1477.52pt>
File: pics/patch.png Graphic file (type png)
 <use pics/patch.png>

LaTeX Warning: `!h' float specifier changed to `!ht'.

[19

] [20 <./pics/patch.png>] <pics/gen.png, id=688, 685.56125pt x 936.49875pt>
File: pics/gen.png Graphic file (type png)

<use pics/gen.png>
Underfull \vbox (badness 10000) has occurred while \output is active []

 [21 <./pics/gen.png>] [22] [23]

LaTeX Warning: Reference `slicfig' on page 24 undefined on input line 90.

<pics/slic.png, id=714, 349.305pt x 128.48pt>
File: pics/slic.png Graphic file (type png)
 <use pics/slic.png>
Underfull \vbox (badness 10000) has occurred while \output is active []

 [24 <./pics/slic.png (PNG copy)>] [25] [26]) (./chap3.tex [27] [28

]
Chapter 4.
[29] <pics/img.png, id=766, 318.18875pt x 97.36375pt>
File: pics/img.png Graphic file (type png)
 <use pics/img.png>
<pics/cae.png, id=767, 318.18875pt x 97.36375pt>
File: pics/cae.png Graphic file (type png)
 <use pics/cae.png> [30 <./pics/img.png (PNG copy)> <./pics/cae.png (PNG copy)>
]
File: pics/img.png Graphic file (type png)
 <use pics/img.png>
<pics/raw.png, id=778, 318.18875pt x 97.36375pt>
File: pics/raw.png Graphic file (type png)
 <use pics/raw.png>
<pics/kernels.png, id=784, 987.69pt x 518.6878pt>
File: pics/kernels.png Graphic file (type png)
 <use pics/kernels.png>

LaTeX Warning: `!h' float specifier changed to `!ht'.

[31 <./pics/raw.png (PNG copy)>]
File: pics/img.png Graphic file (type png)
 <use pics/img.png>
<pics/super.png, id=796, 318.18875pt x 97.36375pt>
File: pics/super.png Graphic file (type png)
 <use pics/super.png>

LaTeX Warning: `!h' float specifier changed to `!ht'.

[32 <./pics/kernels.png (PNG copy)>]
File: pics/super.png Graphic file (type png)
 <use pics/super.png>
<pics/denoise.png, id=809, 318.18875pt x 97.36375pt>
File: pics/denoise.png Graphic file (type png)
 <use pics/denoise.png>
Underfull \vbox (badness 6477) has occurred while \output is active []

 [33 <./pics/super.png (PNG copy)> <./pics/denoise.png (PNG copy)>]
<pics/res.png, id=815, 617.30624pt x 290.58563pt>
File: pics/res.png Graphic file (type png)
 <use pics/res.png> [34 <./pics/res.png>]) (./chap4.tex [35] [36

]
Chapter 5.
File: pics/img.png Graphic file (type png)
<use pics/img.png>
File: pics/super.png Graphic file (type png)
 <use pics/super.png>
<pics/noise.png, id=836, 318.18875pt x 97.36375pt>
File: pics/noise.png Graphic file (type png)
 <use pics/noise.png>

LaTeX Warning: `!h' float specifier changed to `!ht'.

[37] [38 <./pics/noise.png (PNG copy)>]) (./conclusion.tex [39] [40

]
Chapter 6.
) [41] [42

] (./thesis.bbl
LaTeX Font Info:    Font shape `OMS/cmr/m/it' in size <10.95> not available
(Font)              Font shape `OMS/cmsy/m/n' tried instead on input line 41.
 [43

])
No file thesis.ind.
[44] (./thesis.aux)

LaTeX Warning: There were undefined references.


LaTeX Warning: There were multiply-defined labels.

 ) 
Here is how much of TeX's memory you used:
 5681 strings out of 495061
 80022 string characters out of 1182622
 161147 words of memory out of 3000000
 8490 multiletter control sequences out of 15000+50000
 12994 words of font info for 50 fonts, out of 3000000 for 9000
 28 hyphenation exceptions out of 8191
 38i,9n,38p,864b,381s stack positions out of 5000i,500n,10000p,200000b,50000s
</usr/share/texmf-texlive/fonts/type1/public/amsfonts/cm/cmbx10.pfb></usr/sha
re/texmf-texlive/fonts/type1/public/amsfonts/cm/cmbx12.pfb></usr/share/texmf-te
xlive/fonts/type1/public/amsfonts/cm/cmcsc10.pfb></usr/share/texmf-texlive/font
s/type1/public/amsfonts/cm/cmex10.pfb></usr/share/texmf-texlive/fonts/type1/pub
lic/amsfonts/cm/cmmi10.pfb></usr/share/texmf-texlive/fonts/type1/public/amsfont
s/cm/cmmi6.pfb></usr/share/texmf-texlive/fonts/type1/public/amsfonts/cm/cmmi7.p
fb></usr/share/texmf-texlive/fonts/type1/public/amsfonts/cm/cmmi8.pfb></usr/sha
re/texmf-texlive/fonts/type1/public/amsfonts/cm/cmr10.pfb></usr/share/texmf-tex
live/fonts/type1/public/amsfonts/cm/cmr12.pfb></usr/share/texmf-texlive/fonts/t
ype1/public/amsfonts/cm/cmr17.pfb></usr/share/texmf-texlive/fonts/type1/public/
amsfonts/cm/cmr6.pfb></usr/share/texmf-texlive/fonts/type1/public/amsfonts/cm/c
mr7.pfb></usr/share/texmf-texlive/fonts/type1/public/amsfonts/cm/cmr8.pfb></usr
/share/texmf-texlive/fonts/type1/public/amsfonts/cm/cmsl10.pfb></usr/share/texm
f-texlive/fonts/type1/public/amsfonts/cm/cmsy10.pfb></usr/share/texmf-texlive/f
onts/type1/public/amsfonts/cm/cmsy8.pfb></usr/share/texmf-texlive/fonts/type1/p
ublic/amsfonts/cm/cmti10.pfb></usr/share/texmf-texlive/fonts/type1/public/amsfo
nts/cm/cmtt10.pfb>
Output written on thesis.pdf (56 pages, 3370860 bytes).
PDF statistics:
 988 PDF objects out of 1000 (max. 8388607)
 224 named destinations out of 1000 (max. 500000)
 757 words of extra memory for PDF output out of 10000 (max. 10000000)

